<?xml version="1.0" encoding="UTF-8"?>
<testng-results skipped="0" failed="0" ignored="0" total="2" passed="2">
  <reporter-output>
  </reporter-output>
  <suite name="Default suite" duration-ms="33794" started-at="2019-10-07T00:57:06 CST" finished-at="2019-10-07T00:57:40 CST">
    <groups>
    </groups>
    <test name="Default test" duration-ms="33794" started-at="2019-10-07T00:57:06 CST" finished-at="2019-10-07T00:57:40 CST">
      <class name="seleniumTest.TestNgSearchCourse">
        <test-method status="PASS" signature="beforeTest()[pri:0, instance:seleniumTest.TestNgSearchCourse@221af3c0]" name="beforeTest" is-config="true" duration-ms="13" started-at="2019-10-07T00:57:06 CST" finished-at="2019-10-07T00:57:06 CST">
          <reporter-output>
          </reporter-output>
        </test-method> <!-- beforeTest -->
        <test-method status="PASS" signature="beforeClass()[pri:0, instance:seleniumTest.TestNgSearchCourse@221af3c0]" name="beforeClass" is-config="true" duration-ms="8953" started-at="2019-10-07T00:57:06 CST" finished-at="2019-10-07T00:57:15 CST">
          <reporter-output>
          </reporter-output>
        </test-method> <!-- beforeClass -->
        <test-method status="PASS" signature="beforeMethod()[pri:0, instance:seleniumTest.TestNgSearchCourse@221af3c0]" name="beforeMethod" is-config="true" duration-ms="1" started-at="2019-10-07T00:57:15 CST" finished-at="2019-10-07T00:57:15 CST">
          <reporter-output>
          </reporter-output>
        </test-method> <!-- beforeMethod -->
        <test-method status="PASS" signature="f()[pri:0, instance:seleniumTest.TestNgSearchCourse@221af3c0]" name="f" duration-ms="23995" started-at="2019-10-07T00:57:15 CST" finished-at="2019-10-07T00:57:39 CST">
          <reporter-output>
          </reporter-output>
        </test-method> <!-- f -->
        <test-method status="PASS" signature="afterMethod()[pri:0, instance:seleniumTest.TestNgSearchCourse@221af3c0]" name="afterMethod" is-config="true" duration-ms="0" started-at="2019-10-07T00:57:39 CST" finished-at="2019-10-07T00:57:39 CST">
          <reporter-output>
          </reporter-output>
        </test-method> <!-- afterMethod -->
        <test-method status="PASS" signature="beforeMethod()[pri:0, instance:seleniumTest.TestNgSearchCourse@221af3c0]" name="beforeMethod" is-config="true" duration-ms="0" started-at="2019-10-07T00:57:39 CST" finished-at="2019-10-07T00:57:39 CST">
          <reporter-output>
          </reporter-output>
        </test-method> <!-- beforeMethod -->
        <test-method status="PASS" signature="testFail()[pri:0, instance:seleniumTest.TestNgSearchCourse@221af3c0]" name="testFail" duration-ms="798" started-at="2019-10-07T00:57:39 CST" finished-at="2019-10-07T00:57:40 CST">
          <reporter-output>
          </reporter-output>
        </test-method> <!-- testFail -->
        <test-method status="PASS" signature="afterMethod()[pri:0, instance:seleniumTest.TestNgSearchCourse@221af3c0]" name="afterMethod" is-config="true" duration-ms="0" started-at="2019-10-07T00:57:40 CST" finished-at="2019-10-07T00:57:40 CST">
          <reporter-output>
          </reporter-output>
        </test-method> <!-- afterMethod -->
        <test-method status="PASS" signature="afterClass()[pri:0, instance:seleniumTest.TestNgSearchCourse@221af3c0]" name="afterClass" is-config="true" duration-ms="0" started-at="2019-10-07T00:57:40 CST" finished-at="2019-10-07T00:57:40 CST">
          <reporter-output>
          </reporter-output>
        </test-method> <!-- afterClass -->
        <test-method status="PASS" signature="afterTest()[pri:0, instance:seleniumTest.TestNgSearchCourse@221af3c0]" name="afterTest" is-config="true" duration-ms="1" started-at="2019-10-07T00:57:40 CST" finished-at="2019-10-07T00:57:40 CST">
          <reporter-output>
          </reporter-output>
        </test-method> <!-- afterTest -->
      </class> <!-- seleniumTest.TestNgSearchCourse -->
    </test> <!-- Default test -->
  </suite> <!-- Default suite -->
</testng-results>
